<?xml version="1.0" encoding="UTF-8"?>
<testsuite xmlns:xsi="http://www.w3.org/2001/XMLSchema-instance" xsi:noNamespaceSchemaLocation="https://maven.apache.org/surefire/maven-surefire-plugin/xsd/surefire-test-report-3.0.xsd" version="3.0" name="com.furkankayam.lab0project.Lab0ProjectApplicationTests" time="17.478" tests="1" errors="0" skipped="0" failures="0">
  <properties>
[...]
</properties>
  <testcase name="contextLoads" classname="com.furkankayam.lab0project.Lab0ProjectApplicationTests" time="1.574">
    <system-out><![CDATA[00:59:07.599 [main] INFO org.springframework.test.context.support.AnnotationConfigContextLoaderUtils -- Could not detect default configuration classes for test class [com.furkankayam.lab0project.Lab0ProjectApplicationTests]: Lab0ProjectApplicationTests does not declare any static, non-private, non-final, nested classes annotated with @Configuration.
00:59:07.964 [main] INFO org.springframework.boot.test.context.SpringBootTestContextBootstrapper -- Found @SpringBootConfiguration com.furkankayam.lab0project.Lab0ProjectApplication for test class com.furkankayam.lab0project.Lab0ProjectApplicationTests
00:59:08.527 [main] INFO org.springframework.boot.devtools.restart.RestartApplicationListener -- Restart disabled due to context in which it is running

  .   ____          _            __ _ _
 /\\ / ___'_ __ _ _(_)_ __  __ _ \ \ \ \
( ( )\___ | '_ | '_| | '_ \/ _` | \ \ \ \
 \\/  ___)| |_)| | | | | || (_| |  ) ) ) )
  '  |____| .__|_| |_|_| |_\__, | / / / /
 =========|_|==============|___/=/_/_/_/
 :: Spring Boot ::                (v3.1.5)

2023-10-21T00:59:09.472+03:00  INFO 22124 --- [           main] c.f.l.Lab0ProjectApplicationTests        : Starting Lab0ProjectApplicationTests using Java 17.0.8 with PID 22124 (started by HONOR in C:\Users\furka\Desktop\lab0-project)
2023-10-21T00:59:09.476+03:00  INFO 22124 --- [           main] c.f.l.Lab0ProjectApplicationTests        : No active profile set, falling back to 1 default profile: "default"
2023-10-21T00:59:12.241+03:00  INFO 22124 --- [           main] .s.d.r.c.RepositoryConfigurationDelegate : Bootstrapping Spring Data JPA repositories in DEFAULT mode.
2023-10-21T00:59:12.505+03:00  INFO 22124 --- [           main] .s.d.r.c.RepositoryConfigurationDelegate : Finished Spring Data repository scanning in 229 ms. Found 1 JPA repository interfaces.
2023-10-21T00:59:14.207+03:00  INFO 22124 --- [           main] o.hibernate.jpa.internal.util.LogHelper  : HHH000204: Processing PersistenceUnitInfo [name: default]
2023-10-21T00:59:14.458+03:00  INFO 22124 --- [           main] org.hibernate.Version                    : HHH000412: Hibernate ORM core version 6.2.13.Final
2023-10-21T00:59:14.466+03:00  INFO 22124 --- [           main] org.hibernate.cfg.Environment            : HHH000406: Using bytecode reflection optimizer
2023-10-21T00:59:15.632+03:00  INFO 22124 --- [           main] o.s.o.j.p.SpringPersistenceUnitInfo      : No LoadTimeWeaver setup: ignoring JPA class transformer
2023-10-21T00:59:15.722+03:00  INFO 22124 --- [           main] com.zaxxer.hikari.HikariDataSource       : HikariPool-1 - Starting...
2023-10-21T00:59:16.407+03:00  INFO 22124 --- [           main] com.zaxxer.hikari.pool.HikariPool        : HikariPool-1 - Added connection org.postgresql.jdbc.PgConnection@2ad2b274
2023-10-21T00:59:16.411+03:00  INFO 22124 --- [           main] com.zaxxer.hikari.HikariDataSource       : HikariPool-1 - Start completed.
2023-10-21T00:59:16.741+03:00  WARN 22124 --- [           main] org.hibernate.orm.deprecation            : HHH90000025: PostgreSQLDialect does not need to be specified explicitly using 'hibernate.dialect' (remove the property setting and it will be selected by default)
2023-10-21T00:59:19.334+03:00  INFO 22124 --- [           main] o.h.e.t.j.p.i.JtaPlatformInitiator       : HHH000489: No JTA platform available (set 'hibernate.transaction.jta.platform' to enable JTA platform integration)
2023-10-21T00:59:19.568+03:00  INFO 22124 --- [           main] j.LocalContainerEntityManagerFactoryBean : Initialized JPA EntityManagerFactory for persistence unit 'default'
2023-10-21T00:59:21.096+03:00  WARN 22124 --- [           main] JpaBaseConfiguration$JpaWebConfiguration : spring.jpa.open-in-view is enabled by default. Therefore, database queries may be performed during view rendering. Explicitly configure spring.jpa.open-in-view to disable this warning
2023-10-21T00:59:22.924+03:00  INFO 22124 --- [           main] c.f.l.Lab0ProjectApplicationTests        : Started Lab0ProjectApplicationTests in 14.441 seconds (process running for 17.843)
]]></system-out>
  </testcase>
</testsuite>